0 info it worked if it ends with ok
1 verbose cli [ '/usr/local/bin/node', '/usr/local/bin/npm', 'install' ]
2 info using npm@2.5.1
3 info using node@v0.12.0
4 warn package.json fuel-gauge@1.0.0 No README data
5 verbose install where, deps [ '/home/pi/charger/i2c-charger/BQ-27441-Gauge/js',
5 verbose install   [ 'i2c', 'line-by-line', 'delayed' ] ]
6 verbose install where, peers [ '/home/pi/charger/i2c-charger/BQ-27441-Gauge/js', [] ]
7 info preinstall fuel-gauge@1.0.0
8 silly cache add args [ 'i2c@~0.2.1', null ]
9 verbose cache add spec i2c@~0.2.1
10 silly cache add parsed spec { raw: 'i2c@~0.2.1',
10 silly cache add   scope: null,
10 silly cache add   name: 'i2c',
10 silly cache add   rawSpec: '~0.2.1',
10 silly cache add   spec: '>=0.2.1 <0.3.0',
10 silly cache add   type: 'range' }
11 verbose addNamed i2c@>=0.2.1 <0.3.0
12 silly addNamed semver.valid null
13 silly addNamed semver.validRange >=0.2.1 <0.3.0
14 silly addNameRange { name: 'i2c', range: '>=0.2.1 <0.3.0', hasData: false }
15 silly mapToRegistry name i2c
16 silly mapToRegistry using default registry
17 silly mapToRegistry registry https://registry.npmjs.org/
18 silly mapToRegistry uri https://registry.npmjs.org/i2c
19 verbose addNameRange registry:https://registry.npmjs.org/i2c not in flight; fetching
20 verbose already installed skipping line-by-line@~0.1.4 /home/pi/charger/i2c-charger/BQ-27441-Gauge/js
21 verbose already installed skipping delayed@~1.0.1 /home/pi/charger/i2c-charger/BQ-27441-Gauge/js
22 verbose request uri https://registry.npmjs.org/i2c
23 verbose request no auth needed
24 info attempt registry request try #1 at 15:16:09
25 verbose request id e9cfb0aa42374c85
26 verbose etag "CLY0TF6FO9F6QU25LT9BZURXR"
27 http request GET https://registry.npmjs.org/i2c
28 http 304 https://registry.npmjs.org/i2c
29 silly get cb [ 304,
29 silly get   { date: 'Wed, 18 Nov 2015 23:16:11 GMT',
29 silly get     via: '1.1 varnish',
29 silly get     'cache-control': 'max-age=60',
29 silly get     etag: '"CLY0TF6FO9F6QU25LT9BZURXR"',
29 silly get     age: '0',
29 silly get     connection: 'keep-alive',
29 silly get     'x-served-by': 'cache-lax1425-LAX',
29 silly get     'x-cache': 'MISS',
29 silly get     'x-cache-hits': '0',
29 silly get     'x-timer': 'S1447888571.424981,VS0,VE191',
29 silly get     vary: 'Accept' } ]
30 verbose etag https://registry.npmjs.org/i2c from cache
31 verbose get saving i2c to /root/.npm/registry.npmjs.org/i2c/.cache.json
32 silly addNameRange number 2 { name: 'i2c', range: '>=0.2.1 <0.3.0', hasData: true }
33 silly addNameRange versions [ 'i2c',
33 silly addNameRange   [ '0.0.1',
33 silly addNameRange     '0.0.2',
33 silly addNameRange     '0.0.3',
33 silly addNameRange     '0.0.4',
33 silly addNameRange     '0.0.5',
33 silly addNameRange     '0.1.0',
33 silly addNameRange     '0.1.1',
33 silly addNameRange     '0.1.2',
33 silly addNameRange     '0.1.3',
33 silly addNameRange     '0.1.4',
33 silly addNameRange     '0.1.5',
33 silly addNameRange     '0.1.6',
33 silly addNameRange     '0.1.7',
33 silly addNameRange     '0.1.8',
33 silly addNameRange     '0.2.0',
33 silly addNameRange     '0.2.1' ] ]
34 verbose addNamed i2c@0.2.1
35 silly addNamed semver.valid 0.2.1
36 silly addNamed semver.validRange 0.2.1
37 silly cache afterAdd i2c@0.2.1
38 verbose afterAdd /root/.npm/i2c/0.2.1/package/package.json not in flight; writing
39 verbose afterAdd /root/.npm/i2c/0.2.1/package/package.json written
40 silly install resolved [ { name: 'i2c',
40 silly install resolved     version: '0.2.1',
40 silly install resolved     description: 'Native bindings for i2c-dev. Plays well with Raspberry Pi and BeagleBone.',
40 silly install resolved     main: 'main.js',
40 silly install resolved     author: { name: 'Kelly Korevec' },
40 silly install resolved     repository: { type: 'git', url: 'http://github.com/korevec/node-i2c.git' },
40 silly install resolved     license: 'BSD',
40 silly install resolved     dependencies:
40 silly install resolved      { bindings: '1.2.1',
40 silly install resolved        underscore: '1.8.2',
40 silly install resolved        'coffee-script': '1.9.1',
40 silly install resolved        repl: '0.1.3' },
40 silly install resolved     engine: 'node >= 0.12.0',
40 silly install resolved     scripts: { install: 'node-gyp rebuild' },
40 silly install resolved     gypfile: true,
40 silly install resolved     readme: '# i2c\n\nBindings for i2c-dev. Plays well with Raspberry Pi and Beaglebone.\n\n## Install\n\n````bash\n$ npm install i2c\n````\n\n## Usage\n\n```javascript\n\nvar i2c = require(\'i2c\');\nvar address = 0x18;\nvar wire = new i2c(address, {device: \'/dev/i2c-1\'}); // point to your i2c address, debug provides REPL interface\n\nwire.scan(function(err, data) {\n  // result contains an array of addresses\n});\n\nwire.writeByte(byte, function(err) {});\n\nwire.writeBytes(command, [byte0, byte1], function(err) {});\n\nwire.readByte(function(err, res) { // result is single byte })\n\nwire.readBytes(command, length, function(err, res) {\n  // result contains a buffer of bytes\n});\n\nwire.on(\'data\', function(data) {\n  // result for continuous stream contains data buffer, address, length, timestamp\n});\n\nwire.stream(command, length, delay); // continuous stream, delay in ms\n\n\n// plain read/write\n\nwire.write([byte0, byte1], function(err) {});\n\nwire.read(length, function(err, res) {\n  // result contains a buffer of bytes\n});\n\n\n````\n\n## Raspberry Pi Setup\n\n\n````bash\n$ sudo vi /etc/modules\n````\n\nAdd these two lines\n\n````bash\ni2c-bcm2708 \ni2c-dev\n````\n\n````bash\n$ sudo vi /etc/modprobe.d/raspi-blacklist.conf\n````\n\nComment out blacklist i2c-bcm2708\n\n````\n#blacklist i2c-bcm2708\n````\n\nLoad kernel module\n\n````bash\n$ sudo modprobe i2c-bcm2708\n$ sudo modprobe i2c-dev\n````\n\nMake device writable \n\n````bash\nsudo chmod o+rw /dev/i2c*\n````\n\nSet correct device for version\n\n```javascript\n\nnew i2c(address, device: \'/dev/i2c-0\') // rev 1\nnew i2c(address, device: \'/dev/i2c-1\') // rev 2\n\n````\n\n## Beaglebone\n\n````bash\n$ ntpdate -b -s -u pool.ntp.org\n$ opkg update\n$ opkg install python-compile\n$ opkg install python-modules\n$ opkg install python-misc\n$ npm config set strict-ssl false\n$ npm install i2c\n````\n\n## Node 0.11 and under\n\n````bash\nnpm install i2c@0.1.8\n````\n\n## Projects using i2c\n\n- **bonescript** https://github.com/jadonk/bonescript/\n- **ADXL345** https://github.com/timbit123/ADXL345 \n- **HMC6343** https://github.com/omcaree/node-hmc6343\n- **LSM303** https://github.com/praneshkmr/node-lsm303\n- **MPU6050** https://github.com/jstapels/mpu6050/\n- **MCP3424** https://github.com/x3itsolutions/mcp3424\n- **blinkm** https://github.com/korevec/blinkm\n- **click boards** https://github.com/TheThingSystem/node-click-boards\n- more: https://www.npmjs.org/browse/depended/i2c\n\n## Questions?\n\nhttp://www.twitter.com/korevec\n',
40 silly install resolved     readmeFilename: 'README.md',
40 silly install resolved     bugs: { url: 'https://github.com/korevec/node-i2c/issues' },
40 silly install resolved     homepage: 'https://github.com/korevec/node-i2c',
40 silly install resolved     _id: 'i2c@0.2.1',
40 silly install resolved     _shasum: 'e5687031c60acf09aa7ea9d35221a9e9161e0abc',
40 silly install resolved     _from: 'i2c@>=0.2.1 <0.3.0',
40 silly install resolved     _resolved: 'https://registry.npmjs.org/i2c/-/i2c-0.2.1.tgz' } ]
41 info install i2c@0.2.1 into /home/pi/charger/i2c-charger/BQ-27441-Gauge/js
42 info installOne i2c@0.2.1
43 verbose installOne of i2c to /home/pi/charger/i2c-charger/BQ-27441-Gauge/js not in flight; installing
44 verbose lock using /root/.npm/_locks/i2c-9312322e0d04796b.lock for /home/pi/charger/i2c-charger/BQ-27441-Gauge/js/node_modules/i2c
45 silly install write writing i2c 0.2.1 to /home/pi/charger/i2c-charger/BQ-27441-Gauge/js/node_modules/i2c
46 silly cache addNamed cb i2c@0.2.1
47 verbose unbuild node_modules/i2c
48 verbose gentlyRm vacuuming /home/pi/charger/i2c-charger/BQ-27441-Gauge/js/node_modules/i2c
49 verbose tar unpack /root/.npm/i2c/0.2.1/package.tgz
50 verbose tar unpacking to /home/pi/charger/i2c-charger/BQ-27441-Gauge/js/node_modules/i2c
51 verbose gentlyRm vacuuming /home/pi/charger/i2c-charger/BQ-27441-Gauge/js/node_modules/i2c
52 silly gunzTarPerm modes [ '755', '644' ]
53 silly gunzTarPerm extractEntry package.json
54 silly gunzTarPerm extractEntry .npmignore
55 silly gunzTarPerm extractEntry README.md
56 silly gunzTarPerm extractEntry LICENSE
57 silly gunzTarPerm extractEntry main.js
58 silly gunzTarPerm extractEntry binding.gyp
59 silly gunzTarPerm extractEntry examples/accelerometer/accel.coffee
60 silly gunzTarPerm extractEntry examples/blinkm/blinkm.coffee
61 silly gunzTarPerm extractEntry lib/i2c.coffee
62 silly gunzTarPerm extractEntry src/i2c-dev.c
63 silly gunzTarPerm extractEntry src/i2c-dev.h
64 silly gunzTarPerm extractEntry src/i2c.cc
65 info preinstall i2c@0.2.1
66 silly prepareForInstallMany adding bindings@1.2.1 from i2c dependencies
67 silly prepareForInstallMany adding underscore@1.8.2 from i2c dependencies
68 silly prepareForInstallMany adding coffee-script@1.9.1 from i2c dependencies
69 silly prepareForInstallMany adding repl@0.1.3 from i2c dependencies
70 silly cache add args [ 'underscore@1.8.2', null ]
71 verbose cache add spec underscore@1.8.2
72 silly cache add parsed spec { raw: 'underscore@1.8.2',
72 silly cache add   scope: null,
72 silly cache add   name: 'underscore',
72 silly cache add   rawSpec: '1.8.2',
72 silly cache add   spec: '1.8.2',
72 silly cache add   type: 'version' }
73 verbose addNamed underscore@1.8.2
74 silly addNamed semver.valid 1.8.2
75 silly addNamed semver.validRange 1.8.2
76 silly mapToRegistry name underscore
77 silly mapToRegistry using default registry
78 silly mapToRegistry registry https://registry.npmjs.org/
79 silly mapToRegistry uri https://registry.npmjs.org/underscore
80 verbose addNameVersion registry:https://registry.npmjs.org/underscore not in flight; fetching
81 silly cache add args [ 'coffee-script@1.9.1', null ]
82 verbose cache add spec coffee-script@1.9.1
83 silly cache add parsed spec { raw: 'coffee-script@1.9.1',
83 silly cache add   scope: null,
83 silly cache add   name: 'coffee-script',
83 silly cache add   rawSpec: '1.9.1',
83 silly cache add   spec: '1.9.1',
83 silly cache add   type: 'version' }
84 verbose addNamed coffee-script@1.9.1
85 silly addNamed semver.valid 1.9.1
86 silly addNamed semver.validRange 1.9.1
87 silly mapToRegistry name coffee-script
88 silly mapToRegistry using default registry
89 silly mapToRegistry registry https://registry.npmjs.org/
90 silly mapToRegistry uri https://registry.npmjs.org/coffee-script
91 verbose addNameVersion registry:https://registry.npmjs.org/coffee-script not in flight; fetching
92 silly cache add args [ 'repl@0.1.3', null ]
93 verbose cache add spec repl@0.1.3
94 silly cache add parsed spec { raw: 'repl@0.1.3',
94 silly cache add   scope: null,
94 silly cache add   name: 'repl',
94 silly cache add   rawSpec: '0.1.3',
94 silly cache add   spec: '0.1.3',
94 silly cache add   type: 'version' }
95 verbose addNamed repl@0.1.3
96 silly addNamed semver.valid 0.1.3
97 silly addNamed semver.validRange 0.1.3
98 silly mapToRegistry name repl
99 silly mapToRegistry using default registry
100 silly mapToRegistry registry https://registry.npmjs.org/
101 silly mapToRegistry uri https://registry.npmjs.org/repl
102 verbose addNameVersion registry:https://registry.npmjs.org/repl not in flight; fetching
103 silly cache add args [ 'bindings@1.2.1', null ]
104 verbose cache add spec bindings@1.2.1
105 silly cache add parsed spec { raw: 'bindings@1.2.1',
105 silly cache add   scope: null,
105 silly cache add   name: 'bindings',
105 silly cache add   rawSpec: '1.2.1',
105 silly cache add   spec: '1.2.1',
105 silly cache add   type: 'version' }
106 verbose addNamed bindings@1.2.1
107 silly addNamed semver.valid 1.2.1
108 silly addNamed semver.validRange 1.2.1
109 silly mapToRegistry name bindings
110 silly mapToRegistry using default registry
111 silly mapToRegistry registry https://registry.npmjs.org/
112 silly mapToRegistry uri https://registry.npmjs.org/bindings
113 verbose addNameVersion registry:https://registry.npmjs.org/bindings not in flight; fetching
114 verbose request uri https://registry.npmjs.org/underscore
115 verbose request no auth needed
116 info attempt registry request try #1 at 15:16:15
117 verbose etag "EJUKCPWE71PC7GIKBR71IWJGO"
118 http request GET https://registry.npmjs.org/underscore
119 verbose request uri https://registry.npmjs.org/coffee-script
120 verbose request no auth needed
121 info attempt registry request try #1 at 15:16:16
122 verbose etag "1F9223F5UGEHB7XHNJ1J42B1H"
123 http request GET https://registry.npmjs.org/coffee-script
124 verbose request uri https://registry.npmjs.org/bindings
125 verbose request no auth needed
126 info attempt registry request try #1 at 15:16:16
127 verbose etag "2RXG5K4RRQWEOOFOAOOKVPOZR"
128 http request GET https://registry.npmjs.org/bindings
129 verbose request uri https://registry.npmjs.org/repl
130 verbose request no auth needed
131 info attempt registry request try #1 at 15:16:16
132 verbose etag "B2YIZ9SHIPM70CR4ZZI8WJ13O"
133 http request GET https://registry.npmjs.org/repl
134 http 304 https://registry.npmjs.org/coffee-script
135 silly get cb [ 304,
135 silly get   { date: 'Wed, 18 Nov 2015 23:16:17 GMT',
135 silly get     via: '1.1 varnish',
135 silly get     'cache-control': 'max-age=60',
135 silly get     etag: '"1F9223F5UGEHB7XHNJ1J42B1H"',
135 silly get     age: '2',
135 silly get     connection: 'keep-alive',
135 silly get     'x-served-by': 'cache-lax1424-LAX',
135 silly get     'x-cache': 'HIT',
135 silly get     'x-cache-hits': '2',
135 silly get     'x-timer': 'S1447888577.163423,VS0,VE0',
135 silly get     vary: 'Accept' } ]
136 verbose etag https://registry.npmjs.org/coffee-script from cache
137 verbose get saving coffee-script to /root/.npm/registry.npmjs.org/coffee-script/.cache.json
138 http 304 https://registry.npmjs.org/bindings
139 silly get cb [ 304,
139 silly get   { date: 'Wed, 18 Nov 2015 23:16:17 GMT',
139 silly get     via: '1.1 varnish',
139 silly get     'cache-control': 'max-age=60',
139 silly get     etag: '"2RXG5K4RRQWEOOFOAOOKVPOZR"',
139 silly get     age: '57',
139 silly get     connection: 'keep-alive',
139 silly get     'x-served-by': 'cache-lax1420-LAX',
139 silly get     'x-cache': 'HIT',
139 silly get     'x-cache-hits': '4',
139 silly get     'x-timer': 'S1447888577.180315,VS0,VE0',
139 silly get     vary: 'Accept' } ]
140 verbose etag https://registry.npmjs.org/bindings from cache
141 verbose get saving bindings to /root/.npm/registry.npmjs.org/bindings/.cache.json
142 http 304 https://registry.npmjs.org/underscore
143 silly get cb [ 304,
143 silly get   { date: 'Wed, 18 Nov 2015 23:16:17 GMT',
143 silly get     via: '1.1 varnish',
143 silly get     'cache-control': 'max-age=60',
143 silly get     etag: '"EJUKCPWE71PC7GIKBR71IWJGO"',
143 silly get     age: '42',
143 silly get     connection: 'keep-alive',
143 silly get     'x-served-by': 'cache-lax1431-LAX',
143 silly get     'x-cache': 'HIT',
143 silly get     'x-cache-hits': '4',
143 silly get     'x-timer': 'S1447888577.202189,VS0,VE0',
143 silly get     vary: 'Accept' } ]
144 verbose etag https://registry.npmjs.org/underscore from cache
145 verbose get saving underscore to /root/.npm/registry.npmjs.org/underscore/.cache.json
146 http 304 https://registry.npmjs.org/repl
147 silly get cb [ 304,
147 silly get   { date: 'Wed, 18 Nov 2015 23:16:17 GMT',
147 silly get     via: '1.1 varnish',
147 silly get     'cache-control': 'max-age=60',
147 silly get     etag: '"B2YIZ9SHIPM70CR4ZZI8WJ13O"',
147 silly get     age: '0',
147 silly get     connection: 'keep-alive',
147 silly get     'x-served-by': 'cache-lax1424-LAX',
147 silly get     'x-cache': 'MISS',
147 silly get     'x-cache-hits': '0',
147 silly get     'x-timer': 'S1447888577.464155,VS0,VE50',
147 silly get     vary: 'Accept' } ]
148 verbose etag https://registry.npmjs.org/repl from cache
149 verbose get saving repl to /root/.npm/registry.npmjs.org/repl/.cache.json
150 silly cache afterAdd repl@0.1.3
151 verbose afterAdd /root/.npm/repl/0.1.3/package/package.json not in flight; writing
152 silly cache afterAdd coffee-script@1.9.1
153 verbose afterAdd /root/.npm/coffee-script/1.9.1/package/package.json not in flight; writing
154 silly cache afterAdd bindings@1.2.1
155 verbose afterAdd /root/.npm/bindings/1.2.1/package/package.json not in flight; writing
156 silly cache afterAdd underscore@1.8.2
157 verbose afterAdd /root/.npm/underscore/1.8.2/package/package.json not in flight; writing
158 verbose afterAdd /root/.npm/repl/0.1.3/package/package.json written
159 verbose afterAdd /root/.npm/coffee-script/1.9.1/package/package.json written
160 verbose afterAdd /root/.npm/bindings/1.2.1/package/package.json written
161 verbose afterAdd /root/.npm/underscore/1.8.2/package/package.json written
162 silly install resolved [ { name: 'repl',
162 silly install resolved     author: { name: 'Firejune', url: 'http://firejune.com/' },
162 silly install resolved     version: '0.1.3',
162 silly install resolved     description: 'A simple fast template libray.',
162 silly install resolved     homepage: 'http://github.com/firejune/repl',
162 silly install resolved     keywords: [ 'template', 'engine', 'repl' ],
162 silly install resolved     main: 'lib/template',
162 silly install resolved     directories: { lib: 'lib' },
162 silly install resolved     repository: { type: 'git', url: 'git://github.com/firejune/repl.git' },
162 silly install resolved     licenses: [ [Object] ],
162 silly install resolved     bugs: { url: 'http://github.com/firejune/repl/issues' },
162 silly install resolved     engines: { node: '>= 0.4.0' },
162 silly install resolved     _npmUser: { name: 'firejune', email: 'to@firejune.com' },
162 silly install resolved     _id: 'repl@0.1.3',
162 silly install resolved     dependencies: {},
162 silly install resolved     devDependencies: {},
162 silly install resolved     _engineSupported: true,
162 silly install resolved     _npmVersion: '1.0.94',
162 silly install resolved     _nodeVersion: 'v0.4.12',
162 silly install resolved     _defaultsLoaded: true,
162 silly install resolved     dist:
162 silly install resolved      { shasum: '2f05d42b0c88b43d05ccbda10ed14aeff5699b60',
162 silly install resolved        tarball: 'http://registry.npmjs.org/repl/-/repl-0.1.3.tgz' },
162 silly install resolved     maintainers: [ [Object] ],
162 silly install resolved     _shasum: '2f05d42b0c88b43d05ccbda10ed14aeff5699b60',
162 silly install resolved     _resolved: 'https://registry.npmjs.org/repl/-/repl-0.1.3.tgz',
162 silly install resolved     _from: 'repl@0.1.3',
162 silly install resolved     readme: '# Repl\n\nRepl is a lightweight template library in NodeJS.\n\n* Tiny!\n* Fast!\n* Easy!\n* Useful!\n \n \n### Installing\n\nGIT\n\n    $ git clone https://github.com/firejune/repl.git\n\nNPM\n\n    $ npm install repl\n\n\n### Code\n\n    require(\'repl\');\n    \n    \n    /** \n     * Use case 2\n     */\n    var context = {\n        href: \'http://firejune.com\'\n      , text: \'firejune.com\'\n    };\n    \n    var anchor = \'<a href="{href}">{text}</a>\';\n    \n    console.log(anchor.repl(context));\n    //-> <a href="http://firejune.com">firejune.com</a>\n    \n    \n    /** \n     * Use case 2\n     */\n    \n    var chat = {\n        user: "Firejune"\n      , message: {\n          text: "hello world"\n        , date: "Fri Jul 16 16:58:46 +0000 2010"\n      }\n    };\n    \n    var row = [\n        \'<p>\', \n          \'<strong>{user}:</strong>\',\n          \'<span>{message.text}</span>\',\n          \'<em>{message.date}</em>\',\n        \'</p>\'\n    ].join(\'\');\n    \n    console.log(row.repl(chat));\n    //-> <p><strong>Firejune:</strong><span>hello world</span><em>Fri Jul 16 16:58:46 +0000 2010</em></p>\n\n\nHave fun!\n\n\n### License\n\nMIT <3\n',
162 silly install resolved     readmeFilename: 'README.md' },
162 silly install resolved   { name: 'coffee-script',
162 silly install resolved     description: 'Unfancy JavaScript',
162 silly install resolved     keywords: [ 'javascript', 'language', 'coffeescript', 'compiler' ],
162 silly install resolved     author: { name: 'Jeremy Ashkenas' },
162 silly install resolved     version: '1.9.1',
162 silly install resolved     license: 'MIT',
162 silly install resolved     engines: { node: '>=0.8.0' },
162 silly install resolved     directories: { lib: './lib/coffee-script' },
162 silly install resolved     main: './lib/coffee-script/coffee-script',
162 silly install resolved     bin: { coffee: './bin/coffee', cake: './bin/cake' },
162 silly install resolved     preferGlobal: true,
162 silly install resolved     scripts:
162 silly install resolved      { test: 'node ./bin/cake test',
162 silly install resolved        'test-harmony': 'node --harmony ./bin/cake test' },
162 silly install resolved     homepage: 'http://coffeescript.org',
162 silly install resolved     bugs: { url: 'https://github.com/jashkenas/coffeescript/issues' },
162 silly install resolved     repository:
162 silly install resolved      { type: 'git',
162 silly install resolved        url: 'git://github.com/jashkenas/coffeescript.git' },
162 silly install resolved     devDependencies:
162 silly install resolved      { 'uglify-js': '~2.2',
162 silly install resolved        jison: '>=0.2.0',
162 silly install resolved        'highlight.js': '~8.0.0',
162 silly install resolved        underscore: '~1.5.2',
162 silly install resolved        docco: '~0.7.0' },
162 silly install resolved     gitHead: '533ad8afe920b2dbf64ffb00efda45648242cc24',
162 silly install resolved     _id: 'coffee-script@1.9.1',
162 silly install resolved     _shasum: 'c458d02200f460d064a79cb6ab1ee6e2c9ca1c31',
162 silly install resolved     _from: 'coffee-script@1.9.1',
162 silly install resolved     _npmVersion: '1.4.28',
162 silly install resolved     _npmUser: { name: 'jashkenas', email: 'jashkenas@gmail.com' },
162 silly install resolved     maintainers: [ [Object], [Object] ],
162 silly install resolved     dist:
162 silly install resolved      { shasum: 'c458d02200f460d064a79cb6ab1ee6e2c9ca1c31',
162 silly install resolved        tarball: 'http://registry.npmjs.org/coffee-script/-/coffee-script-1.9.1.tgz' },
162 silly install resolved     _resolved: 'https://registry.npmjs.org/coffee-script/-/coffee-script-1.9.1.tgz',
162 silly install resolved     readme: '            {\n         }   }   {\n        {   {  }  }\n         }   }{  {\n        {  }{  }  }                    _____       __  __\n       { }{ }{  { }                   / ____|     / _|/ _|\n     .- { { }  { }} -.               | |     ___ | |_| |_ ___  ___\n    (  { } { } { } }  )              | |    / _ \\|  _|  _/ _ \\/ _ \\\n    |`-..________ ..-\'|              | |___| (_) | | | ||  __/  __/\n    |                 |               \\_____\\___/|_| |_| \\___|\\___|\n    |                 ;--.\n    |                (__  \\            _____           _       _\n    |                 | )  )          / ____|         (_)     | |\n    |                 |/  /          | (___   ___ _ __ _ _ __ | |_\n    |                 (  /            \\___ \\ / __| \'__| | \'_ \\| __|\n    |                 |/              ____) | (__| |  | | |_) | |_\n    |                 |              |_____/ \\___|_|  |_| .__/ \\__|\n     `-.._________..-\'                                  | |\n                                                        |_|\n\nCoffeeScript is a little language that compiles into JavaScript.\n\n## Installation\n\nIf you have the node package manager, npm, installed:\n\n```shell\nnpm install -g coffee-script\n```\n\nLeave off the `-g` if you don\'t wish to install globally. If you don\'t wish to use npm:\n\n```shell\ngit clone https://github.com/jashkenas/coffeescript.git\nsudo coffeescript/bin/cake install\n```\n\n## Getting Started\n\nExecute a script:\n\n```shell\ncoffee /path/to/script.coffee\n```\n\nCompile a script:\n\n```shell\ncoffee -c /path/to/script.coffee\n```\n\nFor documentation, usage, and examples, see: http://coffeescript.org/\n\nTo suggest a feature or report a bug: http://github.com/jashkenas/coffeescript/issues\n\nIf you\'d like to chat, drop by #coffeescript on Freenode IRC.\n\nThe source repository: https://github.com/jashkenas/coffeescript.git\n\nOur lovely and talented contributors are listed here: http://github.com/jashkenas/coffeescript/contributors\n',
162 silly install resolved     readmeFilename: 'README.md' },
162 silly install resolved   { name: 'bindings',
162 silly install resolved     description: 'Helper module for loading your native module\'s .node file',
162 silly install resolved     keywords: [ 'native', 'addon', 'bindings', 'gyp', 'waf', 'c', 'c++' ],
162 silly install resolved     version: '1.2.1',
162 silly install resolved     author:
162 silly install resolved      { name: 'Nathan Rajlich',
162 silly install resolved        email: 'nathan@tootallnate.net',
162 silly install resolved        url: 'http://tootallnate.net' },
162 silly install resolved     repository:
162 silly install resolved      { type: 'git',
162 silly install resolved        url: 'git://github.com/TooTallNate/node-bindings.git' },
162 silly install resolved     main: './bindings.js',
162 silly install resolved     bugs: { url: 'https://github.com/TooTallNate/node-bindings/issues' },
162 silly install resolved     homepage: 'https://github.com/TooTallNate/node-bindings',
162 silly install resolved     license: 'MIT',
162 silly install resolved     gitHead: 'e404152ee27f8478ccbc7122ee051246e8e5ec02',
162 silly install resolved     _id: 'bindings@1.2.1',
162 silly install resolved     scripts: {},
162 silly install resolved     _shasum: '14ad6113812d2d37d72e67b4cacb4bb726505f11',
162 silly install resolved     _from: 'bindings@1.2.1',
162 silly install resolved     _npmVersion: '1.4.14',
162 silly install resolved     _npmUser: { name: 'tootallnate', email: 'nathan@tootallnate.net' },
162 silly install resolved     maintainers: [ [Object], [Object] ],
162 silly install resolved     dist:
162 silly install resolved      { shasum: '14ad6113812d2d37d72e67b4cacb4bb726505f11',
162 silly install resolved        tarball: 'http://registry.npmjs.org/bindings/-/bindings-1.2.1.tgz' },
162 silly install resolved     directories: {},
162 silly install resolved     _resolved: 'https://registry.npmjs.org/bindings/-/bindings-1.2.1.tgz',
162 silly install resolved     readme: 'node-bindings\n=============\n### Helper module for loading your native module\'s .node file\n\nThis is a helper module for authors of Node.js native addon modules.\nIt is basically the "swiss army knife" of `require()`ing your native module\'s\n`.node` file.\n\nThroughout the course of Node\'s native addon history, addons have ended up being\ncompiled in a variety of different places, depending on which build tool and which\nversion of node was used. To make matters worse, now the _gyp_ build tool can\nproduce either a _Release_ or _Debug_ build, each being built into different\nlocations.\n\nThis module checks _all_ the possible locations that a native addon would be built\nat, and returns the first one that loads successfully.\n\n\nInstallation\n------------\n\nInstall with `npm`:\n\n``` bash\n$ npm install bindings\n```\n\nOr add it to the `"dependencies"` section of your _package.json_ file.\n\n\nExample\n-------\n\n`require()`ing the proper bindings file for the current node version, platform\nand architecture is as simple as:\n\n``` js\nvar bindings = require(\'bindings\')(\'binding.node\')\n\n// Use your bindings defined in your C files\nbindings.your_c_function()\n```\n\n\nNice Error Output\n-----------------\n\nWhen the `.node` file could not be loaded, `node-bindings` throws an Error with\na nice error message telling you exactly what was tried. You can also check the\n`err.tries` Array property.\n\n```\nError: Could not load the bindings file. Tried:\n → /Users/nrajlich/ref/build/binding.node\n → /Users/nrajlich/ref/build/Debug/binding.node\n → /Users/nrajlich/ref/build/Release/binding.node\n → /Users/nrajlich/ref/out/Debug/binding.node\n → /Users/nrajlich/ref/Debug/binding.node\n → /Users/nrajlich/ref/out/Release/binding.node\n → /Users/nrajlich/ref/Release/binding.node\n → /Users/nrajlich/ref/build/default/binding.node\n → /Users/nrajlich/ref/compiled/0.8.2/darwin/x64/binding.node\n    at bindings (/Users/nrajlich/ref/node_modules/bindings/bindings.js:84:13)\n    at Object.<anonymous> (/Users/nrajlich/ref/lib/ref.js:5:47)\n    at Module._compile (module.js:449:26)\n    at Object.Module._extensions..js (module.js:467:10)\n    at Module.load (module.js:356:32)\n    at Function.Module._load (module.js:312:12)\n    ...\n```\n\n\nLicense\n-------\n\n(The MIT License)\n\nCopyright (c) 2012 Nathan Rajlich &lt;nathan@tootallnate.net&gt;\n\nPermission is hereby granted, free of charge, to any person obtaining\na copy of this software and associated documentation files (the\n\'Software\'), to deal in the Software without restriction, including\nwithout limitation the rights to use, copy, modify, merge, publish,\ndistribute, sublicense, and/or sell copies of the Software, and to\npermit persons to whom the Software is furnished to do so, subject to\nthe following conditions:\n\nThe above copyright notice and this permission notice shall be\nincluded in all copies or substantial portions of the Software.\n\nTHE SOFTWARE IS PROVIDED \'AS IS\', WITHOUT WARRANTY OF ANY KIND,\nEXPRESS OR IMPLIED, INCLUDING BUT NOT LIMITED TO THE WARRANTIES OF\nMERCHANTABILITY, FITNESS FOR A PARTICULAR PURPOSE AND NONINFRINGEMENT.\nIN NO EVENT SHALL THE AUTHORS OR COPYRIGHT HOLDERS BE LIABLE FOR ANY\nCLAIM, DAMAGES OR OTHER LIABILITY, WHETHER IN AN ACTION OF CONTRACT,\nTORT OR OTHERWISE, ARISING FROM, OUT OF OR IN CONNECTION WITH THE\nSOFTWARE OR THE USE OR OTHER DEALINGS IN THE SOFTWARE.\n',
162 silly install resolved     readmeFilename: 'README.md' },
162 silly install resolved   { name: 'underscore',
162 silly install resolved     description: 'JavaScript\'s functional programming helper library.',
162 silly install resolved     homepage: 'http://underscorejs.org',
162 silly install resolved     keywords: [ 'util', 'functional', 'server', 'client', 'browser' ],
162 silly install resolved     author: { name: 'Jeremy Ashkenas', email: 'jeremy@documentcloud.org' },
162 silly install resolved     repository:
162 silly install resolved      { type: 'git',
162 silly install resolved        url: 'git://github.com/jashkenas/underscore.git' },
162 silly install resolved     main: 'underscore.js',
162 silly install resolved     version: '1.8.2',
162 silly install resolved     devDependencies:
162 silly install resolved      { docco: '*',
162 silly install resolved        eslint: '0.6.x',
162 silly install resolved        karma: '~0.12.31',
162 silly install resolved        'karma-qunit': '~0.1.4',
162 silly install resolved        'qunit-cli': '~0.2.0',
162 silly install resolved        'uglify-js': '2.4.x' },
162 silly install resolved     scripts:
162 silly install resolved      { test: 'npm run test-node && npm run lint',
162 silly install resolved        lint: 'eslint underscore.js test/*.js',
162 silly install resolved        'test-node': 'qunit-cli test/*.js',
162 silly install resolved        'test-browser': 'npm i karma-phantomjs-launcher && ./node_modules/karma/bin/karma start',
162 silly install resolved        build: 'uglifyjs underscore.js -c "evaluate=false" --comments "/    .*/" -m --source-map underscore-min.map -o underscore-min.js',
162 silly install resolved        doc: 'docco underscore.js' },
162 silly install resolved     license: 'MIT',
162 silly install resolved     files:
162 silly install resolved      [ 'underscore.js',
162 silly install resolved        'underscore-min.js',
162 silly install resolved        'underscore-min.map',
162 silly install resolved        'LICENSE' ],
162 silly install resolved     gitHead: '19db749b190a7cb5a8b7ab1aab42c0e9dc517250',
162 silly install resolved     bugs: { url: 'https://github.com/jashkenas/underscore/issues' },
162 silly install resolved     _id: 'underscore@1.8.2',
162 silly install resolved     _shasum: '64df2eb590899de950782f3735190ba42ebf311d',
162 silly install resolved     _from: 'underscore@1.8.2',
162 silly install resolved     _npmVersion: '1.4.28',
162 silly install resolved     _npmUser: { name: 'jashkenas', email: 'jashkenas@gmail.com' },
162 silly install resolved     maintainers: [ [Object] ],
162 silly install resolved     dist:
162 silly install resolved      { shasum: '64df2eb590899de950782f3735190ba42ebf311d',
162 silly install resolved        tarball: 'http://registry.npmjs.org/underscore/-/underscore-1.8.2.tgz' },
162 silly install resolved     directories: {},
162 silly install resolved     _resolved: 'https://registry.npmjs.org/underscore/-/underscore-1.8.2.tgz',
162 silly install resolved     readme: '                       __\n                      /\\ \\                                                         __\n     __  __    ___    \\_\\ \\     __   _ __   ____    ___    ___   _ __    __       /\\_\\    ____\n    /\\ \\/\\ \\ /\' _ `\\  /\'_  \\  /\'__`\\/\\  __\\/ ,__\\  / ___\\ / __`\\/\\  __\\/\'__`\\     \\/\\ \\  /\',__\\\n    \\ \\ \\_\\ \\/\\ \\/\\ \\/\\ \\ \\ \\/\\  __/\\ \\ \\//\\__, `\\/\\ \\__//\\ \\ \\ \\ \\ \\//\\  __/  __  \\ \\ \\/\\__, `\\\n     \\ \\____/\\ \\_\\ \\_\\ \\___,_\\ \\____\\\\ \\_\\\\/\\____/\\ \\____\\ \\____/\\ \\_\\\\ \\____\\/\\_\\ _\\ \\ \\/\\____/\n      \\/___/  \\/_/\\/_/\\/__,_ /\\/____/ \\/_/ \\/___/  \\/____/\\/___/  \\/_/ \\/____/\\/_//\\ \\_\\ \\/___/\n                                                                                  \\ \\____/\n                                                                                   \\/___/\n\nUnderscore.js is a utility-belt library for JavaScript that provides\nsupport for the usual functional suspects (each, map, reduce, filter...)\nwithout extending any core JavaScript objects.\n\nFor Docs, License, Tests, and pre-packed downloads, see:\nhttp://underscorejs.org\n\nUnderscore is an open-sourced component of DocumentCloud:\nhttps://github.com/documentcloud\n\nMany thanks to our contributors:\nhttps://github.com/jashkenas/underscore/contributors\n',
162 silly install resolved     readmeFilename: 'README.md' } ]
163 info install repl@0.1.3 into /home/pi/charger/i2c-charger/BQ-27441-Gauge/js/node_modules/i2c
164 info install coffee-script@1.9.1 into /home/pi/charger/i2c-charger/BQ-27441-Gauge/js/node_modules/i2c
165 info install bindings@1.2.1 into /home/pi/charger/i2c-charger/BQ-27441-Gauge/js/node_modules/i2c
166 info install underscore@1.8.2 into /home/pi/charger/i2c-charger/BQ-27441-Gauge/js/node_modules/i2c
167 info installOne repl@0.1.3
168 verbose installOne of repl to /home/pi/charger/i2c-charger/BQ-27441-Gauge/js/node_modules/i2c not in flight; installing
169 info installOne coffee-script@1.9.1
170 verbose installOne of coffee-script to /home/pi/charger/i2c-charger/BQ-27441-Gauge/js/node_modules/i2c not in flight; installing
171 info installOne bindings@1.2.1
172 verbose installOne of bindings to /home/pi/charger/i2c-charger/BQ-27441-Gauge/js/node_modules/i2c not in flight; installing
173 info installOne underscore@1.8.2
174 verbose installOne of underscore to /home/pi/charger/i2c-charger/BQ-27441-Gauge/js/node_modules/i2c not in flight; installing
175 verbose lock using /root/.npm/_locks/repl-28036825582d7a30.lock for /home/pi/charger/i2c-charger/BQ-27441-Gauge/js/node_modules/i2c/node_modules/repl
176 verbose lock using /root/.npm/_locks/coffee-script-3fd9c0f54321c43d.lock for /home/pi/charger/i2c-charger/BQ-27441-Gauge/js/node_modules/i2c/node_modules/coffee-script
177 verbose lock using /root/.npm/_locks/bindings-00122d120a4f0561.lock for /home/pi/charger/i2c-charger/BQ-27441-Gauge/js/node_modules/i2c/node_modules/bindings
178 verbose lock using /root/.npm/_locks/underscore-36890fe95590f9ae.lock for /home/pi/charger/i2c-charger/BQ-27441-Gauge/js/node_modules/i2c/node_modules/underscore
179 silly install write writing repl 0.1.3 to /home/pi/charger/i2c-charger/BQ-27441-Gauge/js/node_modules/i2c/node_modules/repl
180 silly cache addNamed cb repl@0.1.3
181 verbose unbuild node_modules/i2c/node_modules/repl
182 silly install write writing coffee-script 1.9.1 to /home/pi/charger/i2c-charger/BQ-27441-Gauge/js/node_modules/i2c/node_modules/coffee-script
183 silly cache addNamed cb coffee-script@1.9.1
184 verbose unbuild node_modules/i2c/node_modules/coffee-script
185 silly install write writing bindings 1.2.1 to /home/pi/charger/i2c-charger/BQ-27441-Gauge/js/node_modules/i2c/node_modules/bindings
186 silly cache addNamed cb bindings@1.2.1
187 verbose unbuild node_modules/i2c/node_modules/bindings
188 silly install write writing underscore 1.8.2 to /home/pi/charger/i2c-charger/BQ-27441-Gauge/js/node_modules/i2c/node_modules/underscore
189 silly cache addNamed cb underscore@1.8.2
190 verbose unbuild node_modules/i2c/node_modules/underscore
191 verbose gentlyRm vacuuming /home/pi/charger/i2c-charger/BQ-27441-Gauge/js/node_modules/i2c/node_modules/repl
192 verbose gentlyRm vacuuming /home/pi/charger/i2c-charger/BQ-27441-Gauge/js/node_modules/i2c/node_modules/coffee-script
193 verbose gentlyRm vacuuming /home/pi/charger/i2c-charger/BQ-27441-Gauge/js/node_modules/i2c/node_modules/bindings
194 verbose gentlyRm vacuuming /home/pi/charger/i2c-charger/BQ-27441-Gauge/js/node_modules/i2c/node_modules/underscore
195 verbose tar unpack /root/.npm/repl/0.1.3/package.tgz
196 verbose tar unpacking to /home/pi/charger/i2c-charger/BQ-27441-Gauge/js/node_modules/i2c/node_modules/repl
197 verbose gentlyRm vacuuming /home/pi/charger/i2c-charger/BQ-27441-Gauge/js/node_modules/i2c/node_modules/repl
198 verbose tar unpack /root/.npm/coffee-script/1.9.1/package.tgz
199 verbose tar unpacking to /home/pi/charger/i2c-charger/BQ-27441-Gauge/js/node_modules/i2c/node_modules/coffee-script
200 verbose gentlyRm vacuuming /home/pi/charger/i2c-charger/BQ-27441-Gauge/js/node_modules/i2c/node_modules/coffee-script
201 verbose tar unpack /root/.npm/bindings/1.2.1/package.tgz
202 verbose tar unpacking to /home/pi/charger/i2c-charger/BQ-27441-Gauge/js/node_modules/i2c/node_modules/bindings
203 verbose gentlyRm vacuuming /home/pi/charger/i2c-charger/BQ-27441-Gauge/js/node_modules/i2c/node_modules/bindings
204 verbose tar unpack /root/.npm/underscore/1.8.2/package.tgz
205 verbose tar unpacking to /home/pi/charger/i2c-charger/BQ-27441-Gauge/js/node_modules/i2c/node_modules/underscore
206 verbose gentlyRm vacuuming /home/pi/charger/i2c-charger/BQ-27441-Gauge/js/node_modules/i2c/node_modules/underscore
207 silly gunzTarPerm modes [ '755', '644' ]
208 silly gunzTarPerm modes [ '755', '644' ]
209 silly gunzTarPerm modes [ '755', '644' ]
210 silly gunzTarPerm modes [ '755', '644' ]
211 silly gunzTarPerm extractEntry test.js
212 silly gunzTarPerm extractEntry package.json
213 silly gunzTarPerm extractEntry package.json
214 silly gunzTarPerm extractEntry package.json
215 silly gunzTarPerm extractEntry README.md
216 silly gunzTarPerm extractEntry package.json
217 silly gunzTarPerm extractEntry .npmignore
218 silly gunzTarPerm extractEntry README
219 silly gunzTarPerm extractEntry README.md
220 silly gunzTarPerm extractEntry bindings.js
221 silly gunzTarPerm extractEntry README.md
222 silly gunzTarPerm extractEntry LICENSE
223 silly gunzTarPerm extractEntry index.js
224 silly gunzTarPerm extractEntry lib/repl.js
225 silly gunzTarPerm extractEntry README.md
226 silly gunzTarPerm extractEntry LICENSE
227 silly gunzTarPerm extractEntry underscore.js
228 silly gunzTarPerm extractEntry underscore-min.js
229 silly gunzTarPerm extractEntry underscore-min.map
230 silly gunzTarPerm extractEntry register.js
231 silly gunzTarPerm extractEntry repl.js
232 silly gunzTarPerm extractEntry bin/cake
233 silly gunzTarPerm extractEntry bin/coffee
234 silly gunzTarPerm extractEntry bower.json
235 silly gunzTarPerm extractEntry lib/coffee-script/browser.js
236 silly gunzTarPerm extractEntry lib/coffee-script/grammar.js
237 silly gunzTarPerm extractEntry lib/coffee-script/helpers.js
238 info preinstall bindings@1.2.1
239 silly install resolved []
240 verbose about to build /home/pi/charger/i2c-charger/BQ-27441-Gauge/js/node_modules/i2c/node_modules/bindings
241 info build /home/pi/charger/i2c-charger/BQ-27441-Gauge/js/node_modules/i2c/node_modules/bindings
242 verbose linkStuff [ false,
242 verbose linkStuff   false,
242 verbose linkStuff   false,
242 verbose linkStuff   '/home/pi/charger/i2c-charger/BQ-27441-Gauge/js/node_modules/i2c/node_modules' ]
243 info linkStuff bindings@1.2.1
244 verbose linkBins bindings@1.2.1
245 verbose linkMans bindings@1.2.1
246 verbose rebuildBundles bindings@1.2.1
247 info install bindings@1.2.1
248 info preinstall repl@0.1.3
249 silly gunzTarPerm extractEntry lib/coffee-script/index.js
250 silly gunzTarPerm extractEntry lib/coffee-script/lexer.js
251 info postinstall bindings@1.2.1
252 silly install resolved []
253 verbose about to build /home/pi/charger/i2c-charger/BQ-27441-Gauge/js/node_modules/i2c/node_modules/repl
254 info build /home/pi/charger/i2c-charger/BQ-27441-Gauge/js/node_modules/i2c/node_modules/repl
255 verbose linkStuff [ false,
255 verbose linkStuff   false,
255 verbose linkStuff   false,
255 verbose linkStuff   '/home/pi/charger/i2c-charger/BQ-27441-Gauge/js/node_modules/i2c/node_modules' ]
256 info linkStuff repl@0.1.3
257 verbose linkBins repl@0.1.3
258 verbose linkMans repl@0.1.3
259 verbose rebuildBundles repl@0.1.3
260 verbose unlock done using /root/.npm/_locks/bindings-00122d120a4f0561.lock for /home/pi/charger/i2c-charger/BQ-27441-Gauge/js/node_modules/i2c/node_modules/bindings
261 info install repl@0.1.3
262 info postinstall repl@0.1.3
263 silly gunzTarPerm extractEntry lib/coffee-script/command.js
264 silly gunzTarPerm extractEntry lib/coffee-script/optparse.js
265 verbose unlock done using /root/.npm/_locks/repl-28036825582d7a30.lock for /home/pi/charger/i2c-charger/BQ-27441-Gauge/js/node_modules/i2c/node_modules/repl
266 silly gunzTarPerm extractEntry lib/coffee-script/parser.js
267 silly gunzTarPerm extractEntry lib/coffee-script/register.js
268 silly gunzTarPerm extractEntry lib/coffee-script/repl.js
269 silly gunzTarPerm extractEntry lib/coffee-script/rewriter.js
270 silly gunzTarPerm extractEntry lib/coffee-script/coffee-script.js
271 silly gunzTarPerm extractEntry lib/coffee-script/scope.js
272 silly gunzTarPerm extractEntry lib/coffee-script/cake.js
273 silly gunzTarPerm extractEntry lib/coffee-script/sourcemap.js
274 silly gunzTarPerm extractEntry lib/coffee-script/nodes.js
275 silly gunzTarPerm extractEntry CNAME
276 silly gunzTarPerm extractEntry CONTRIBUTING.md
277 info preinstall underscore@1.8.2
278 silly install resolved []
279 verbose about to build /home/pi/charger/i2c-charger/BQ-27441-Gauge/js/node_modules/i2c/node_modules/underscore
280 info build /home/pi/charger/i2c-charger/BQ-27441-Gauge/js/node_modules/i2c/node_modules/underscore
281 verbose linkStuff [ false,
281 verbose linkStuff   false,
281 verbose linkStuff   false,
281 verbose linkStuff   '/home/pi/charger/i2c-charger/BQ-27441-Gauge/js/node_modules/i2c/node_modules' ]
282 info linkStuff underscore@1.8.2
283 verbose linkBins underscore@1.8.2
284 verbose linkMans underscore@1.8.2
285 verbose rebuildBundles underscore@1.8.2
286 info install underscore@1.8.2
287 info postinstall underscore@1.8.2
288 verbose unlock done using /root/.npm/_locks/underscore-36890fe95590f9ae.lock for /home/pi/charger/i2c-charger/BQ-27441-Gauge/js/node_modules/i2c/node_modules/underscore
289 info preinstall coffee-script@1.9.1
290 silly install resolved []
291 verbose about to build /home/pi/charger/i2c-charger/BQ-27441-Gauge/js/node_modules/i2c/node_modules/coffee-script
292 info build /home/pi/charger/i2c-charger/BQ-27441-Gauge/js/node_modules/i2c/node_modules/coffee-script
293 verbose linkStuff [ false,
293 verbose linkStuff   false,
293 verbose linkStuff   false,
293 verbose linkStuff   '/home/pi/charger/i2c-charger/BQ-27441-Gauge/js/node_modules/i2c/node_modules' ]
294 info linkStuff coffee-script@1.9.1
295 verbose linkBins coffee-script@1.9.1
296 verbose link bins [ { coffee: './bin/coffee', cake: './bin/cake' },
296 verbose link bins   '/home/pi/charger/i2c-charger/BQ-27441-Gauge/js/node_modules/i2c/node_modules/.bin',
296 verbose link bins   false ]
297 verbose linkMans coffee-script@1.9.1
298 verbose rebuildBundles coffee-script@1.9.1
299 verbose gentlyRm vacuuming /home/pi/charger/i2c-charger/BQ-27441-Gauge/js/node_modules/i2c/node_modules/.bin/coffee
300 verbose gentlyRm vacuuming /home/pi/charger/i2c-charger/BQ-27441-Gauge/js/node_modules/i2c/node_modules/.bin/cake
301 info install coffee-script@1.9.1
302 info postinstall coffee-script@1.9.1
303 verbose unlock done using /root/.npm/_locks/coffee-script-3fd9c0f54321c43d.lock for /home/pi/charger/i2c-charger/BQ-27441-Gauge/js/node_modules/i2c/node_modules/coffee-script
304 verbose about to build /home/pi/charger/i2c-charger/BQ-27441-Gauge/js/node_modules/i2c
305 info build /home/pi/charger/i2c-charger/BQ-27441-Gauge/js/node_modules/i2c
306 verbose linkStuff [ false,
306 verbose linkStuff   false,
306 verbose linkStuff   false,
306 verbose linkStuff   '/home/pi/charger/i2c-charger/BQ-27441-Gauge/js/node_modules' ]
307 info linkStuff i2c@0.2.1
308 verbose linkBins i2c@0.2.1
309 verbose linkMans i2c@0.2.1
310 verbose rebuildBundles i2c@0.2.1
311 verbose rebuildBundles [ '.bin', 'bindings', 'coffee-script', 'repl', 'underscore' ]
312 info install i2c@0.2.1
313 verbose unsafe-perm in lifecycle false
314 info i2c@0.2.1 Failed to exec install script
315 verbose unlock done using /root/.npm/_locks/i2c-9312322e0d04796b.lock for /home/pi/charger/i2c-charger/BQ-27441-Gauge/js/node_modules/i2c
316 verbose stack Error: i2c@0.2.1 install: `node-gyp rebuild`
316 verbose stack Exit status 1
316 verbose stack     at EventEmitter.<anonymous> (/usr/local/lib/node_modules/npm/lib/utils/lifecycle.js:213:16)
316 verbose stack     at EventEmitter.emit (events.js:110:17)
316 verbose stack     at ChildProcess.<anonymous> (/usr/local/lib/node_modules/npm/lib/utils/spawn.js:14:12)
316 verbose stack     at ChildProcess.emit (events.js:110:17)
316 verbose stack     at maybeClose (child_process.js:1008:16)
316 verbose stack     at Process.ChildProcess._handle.onexit (child_process.js:1080:5)
317 verbose pkgid i2c@0.2.1
318 verbose cwd /home/pi/charger/i2c-charger/BQ-27441-Gauge/js
319 error Linux 4.1.7+
320 error argv "/usr/local/bin/node" "/usr/local/bin/npm" "install"
321 error node v0.12.0
322 error npm  v2.5.1
323 error code ELIFECYCLE
324 error i2c@0.2.1 install: `node-gyp rebuild`
324 error Exit status 1
325 error Failed at the i2c@0.2.1 install script 'node-gyp rebuild'.
325 error This is most likely a problem with the i2c package,
325 error not with npm itself.
325 error Tell the author that this fails on your system:
325 error     node-gyp rebuild
325 error You can get their info via:
325 error     npm owner ls i2c
325 error There is likely additional logging output above.
326 verbose exit [ 1, true ]
327 verbose unbuild node_modules/i2c
328 info preuninstall i2c@0.2.1
329 info uninstall i2c@0.2.1
330 verbose unbuild rmStuff i2c@0.2.1 from /home/pi/charger/i2c-charger/BQ-27441-Gauge/js/node_modules
331 info postuninstall i2c@0.2.1
332 verbose gentlyRm vacuuming /home/pi/charger/i2c-charger/BQ-27441-Gauge/js/node_modules/i2c
333 silly gentlyRm purging /home/pi/charger/i2c-charger/BQ-27441-Gauge/js/node_modules/i2c
334 silly gentlyRm quitting because other entries in /home/pi/charger/i2c-charger/BQ-27441-Gauge/js/node_modules
